GROUP,PACKAGE,CLASS,INSTRUCTION_MISSED,INSTRUCTION_COVERED,BRANCH_MISSED,BRANCH_COVERED,LINE_MISSED,LINE_COVERED,COMPLEXITY_MISSED,COMPLEXITY_COVERED,METHOD_MISSED,METHOD_COVERED
AiSD2025ZEx4,pl.edu.pw.ee.aisd2025zex4.exception,NotYetImplementedException,4,0,0,0,2,0,1,0,1,0
AiSD2025ZEx4,pl.edu.pw.ee.aisd2025zex4,Color,0,15,0,0,0,2,0,1,0,1
AiSD2025ZEx4,pl.edu.pw.ee.aisd2025zex4,Node,0,48,0,0,0,19,0,11,0,11
AiSD2025ZEx4,pl.edu.pw.ee.aisd2025zex4,RbtMap,0,35,0,6,0,10,0,6,0,3
AiSD2025ZEx4,pl.edu.pw.ee.aisd2025zex4,RedBlackTree,2,390,2,58,0,98,2,52,0,24
