<?xml version="1.0" encoding="UTF-8"?>
<testsuite xmlns:xsi="http://www.w3.org/2001/XMLSchema-instance" xsi:noNamespaceSchemaLocation="https://maven.apache.org/surefire/maven-surefire-plugin/xsd/surefire-test-report.xsd" version="3.0.2" name="pl.edu.pw.ee.aisd2025zex4.performance.chart.RbtMapRandDataTreeHeightTest" time="5.761" tests="1" errors="0" skipped="0" failures="0">
  <properties>
[...]
</properties>
  <testcase name="countTreeHeightDependingOnDataSize" classname="pl.edu.pw.ee.aisd2025zex4.performance.chart.RbtMapRandDataTreeHeightTest" time="5.511">
    <system-err><![CDATA[lis 17, 2025 8:39:40 AM pl.edu.pw.ee.aisd2025zex4.performance.chart.RbtMapTreeHeightTest removeFileBeforeStart
INFO: Removed file [filename: rbtRandDataTreeHeightResults.txt].
]]></system-err>
  </testcase>
</testsuite>