<?xml version="1.0" encoding="UTF-8"?>
<testsuite xmlns:xsi="http://www.w3.org/2001/XMLSchema-instance" xsi:noNamespaceSchemaLocation="https://maven.apache.org/surefire/maven-surefire-plugin/xsd/surefire-test-report-3.0.xsd" version="3.0" name="pl.edu.pw.ee.aisd2025zex5.utils.HuffmanIntegrationTest" time="0.021" tests="2" errors="0" skipped="0" failures="0">
  <properties>
[...]
</properties>
  <testcase name="givenSimpleFile_whenEncodeThenDecode_thenOriginalRestored" classname="pl.edu.pw.ee.aisd2025zex5.utils.HuffmanIntegrationTest" time="0.015"/>
  <testcase name="givenEncodedBits_whenProcessEncodedData_thenPaddingResultsDivisibleBy8" classname="pl.edu.pw.ee.aisd2025zex5.utils.HuffmanIntegrationTest" time="0.002"/>
</testsuite>